<?xml version="1.0" encoding="UTF-8"?>
<testng-results skipped="0" failed="0" total="1" passed="1">
  <reporter-output>
  </reporter-output>
  <suite name="Default suite" duration-ms="3533989" started-at="2017-01-25T14:59:17Z" finished-at="2017-01-25T15:58:11Z">
    <groups>
    </groups>
    <test name="Default test" duration-ms="3533989" started-at="2017-01-25T14:59:17Z" finished-at="2017-01-25T15:58:11Z">
      <class name="socialtrade.bin.TodayTaskTest">
        <test-method status="PASS" signature="testLogin()[pri:0, instance:socialtrade.bin.TodayTaskTest@4c2fa904]" name="testLogin" is-config="true" duration-ms="23621" started-at="2017-01-25T20:29:17Z" finished-at="2017-01-25T20:29:41Z">
          <reporter-output>
          </reporter-output>
        </test-method> <!-- testLogin -->
        <test-method status="PASS" signature="testStartWorking()[pri:0, instance:socialtrade.bin.TodayTaskTest@4c2fa904]" name="testStartWorking" duration-ms="3509920" started-at="2017-01-25T20:29:41Z" finished-at="2017-01-25T21:28:11Z">
          <reporter-output>
          </reporter-output>
        </test-method> <!-- testStartWorking -->
        <test-method status="PASS" signature="tearDown()[pri:0, instance:socialtrade.bin.TodayTaskTest@4c2fa904]" name="tearDown" is-config="true" duration-ms="116" started-at="2017-01-25T21:28:11Z" finished-at="2017-01-25T21:28:11Z">
          <reporter-output>
          </reporter-output>
        </test-method> <!-- tearDown -->
      </class> <!-- socialtrade.bin.TodayTaskTest -->
    </test> <!-- Default test -->
  </suite> <!-- Default suite -->
</testng-results>
